\BOOKMARK [1][-]{section.1}{\376\377\000I\000n\000t\000r\000o\000d\000u\000c\000t\000i\000o\000n}{}% 1
\BOOKMARK [2][-]{subsection.1.1}{\376\377\000B\000a\000c\000k\000g\000r\000o\000u\000n\000d}{section.1}% 2
\BOOKMARK [2][-]{subsection.1.2}{\376\377\000O\000b\000j\000e\000c\000t\000i\000v\000e\000s\000\040\000a\000n\000d\000\040\000s\000c\000o\000p\000e}{section.1}% 3
\BOOKMARK [1][-]{section.2}{\376\377\000D\000a\000t\000a\000\040\000a\000n\000d\000\040\000m\000e\000t\000h\000o\000d\000s}{}% 4
\BOOKMARK [2][-]{subsection.2.1}{\376\377\000T\000h\000e\000\040\000A\000D\000C\000P\000\040\000b\000a\000c\000k\000s\000c\000a\000t\000t\000e\000r\000\040\000t\000i\000m\000e\000\040\000s\000e\000r\000i\000e\000s}{section.2}% 5
\BOOKMARK [2][-]{subsection.2.2}{\376\377\000T\000h\000e\000\040\000z\000o\000o\000p\000l\000a\000n\000k\000t\000o\000n\000\040\000b\000i\000o\000m\000a\000s\000s\000\040\000t\000i\000m\000e\000\040\000s\000e\000r\000i\000e\000s}{section.2}% 6
\BOOKMARK [2][-]{subsection.2.3}{\376\377\000T\000e\000m\000p\000e\000r\000a\000t\000u\000r\000e\000,\000\040\000o\000x\000y\000g\000e\000n\000,\000\040\000m\000i\000x\000e\000d\000-\000l\000a\000y\000e\000r\000\040\000d\000e\000p\000t\000h\000,\000\040\000a\000n\000d\000\040\000c\000h\000l\000o\000r\000o\000p\000h\000y\000l\000l}{section.2}% 7
\BOOKMARK [1][-]{section.3}{\376\377\000T\000h\000e\000\040\000s\000e\000a\000s\000o\000n\000a\000l\000\040\000c\000y\000c\000l\000e}{}% 8
\BOOKMARK [2][-]{subsection.3.1}{\376\377\000C\000l\000i\000m\000a\000t\000o\000l\000o\000g\000y\000\040\000o\000f\000\040\000z\000o\000o\000p\000l\000a\000n\000k\000t\000o\000n\000\040\000b\000i\000o\000m\000a\000s\000s\000\040\000a\000n\000d\000\040\000s\000t\000a\000n\000d\000i\000n\000g\000\040\000s\000t\000o\000c\000k}{section.3}% 9
\BOOKMARK [2][-]{subsection.3.2}{\376\377\000S\000e\000a\000s\000o\000n\000a\000l\000\040\000c\000y\000c\000l\000e\000\040\000a\000n\000d\000\040\000v\000a\000r\000i\000a\000b\000i\000l\000i\000t\000y}{section.3}% 10
\BOOKMARK [1][-]{section.4}{\376\377\000I\000n\000t\000e\000r\000a\000n\000n\000u\000a\000l\000\040\000v\000a\000r\000i\000a\000b\000i\000l\000i\000t\000y}{}% 11
\BOOKMARK [1][-]{section.5}{\376\377\000I\000n\000t\000r\000a\000s\000e\000a\000s\000o\000n\000a\000l\000\040\000v\000a\000r\000i\000a\000b\000i\000l\000i\000t\000y}{}% 12
\BOOKMARK [2][-]{subsection.5.1}{\376\377\000T\000h\000e\000\040\000w\000a\000v\000e\000l\000e\000t\000\040\000s\000p\000e\000c\000t\000r\000u\000m}{section.5}% 13
\BOOKMARK [2][-]{subsection.5.2}{\376\377\000R\000a\000n\000g\000e\000\040\000o\000f\000\040\000i\000n\000t\000r\000a\000s\000e\000a\000s\000o\000n\000a\000l\000\040\000v\000a\000r\000i\000a\000b\000i\000l\000i\000t\000y}{section.5}% 14
\BOOKMARK [2][-]{subsection.5.3}{\376\377\000S\000p\000i\000k\000e\000s\000\040\000i\000n\000\040\000b\000i\000o\000m\000a\000s\000s}{section.5}% 15
\BOOKMARK [2][-]{subsection.5.4}{\376\377\000V\000a\000r\000i\000a\000t\000i\000o\000n\000\040\000i\000n\000\040\000t\000h\000e\000\040\000v\000e\000r\000t\000i\000c\000a\000l\000\040\000a\000n\000d\000\040\000s\000t\000a\000n\000d\000i\000n\000g\000\040\000s\000t\000o\000c\000k}{section.5}% 16
\BOOKMARK [1][-]{section.6}{\376\377\000D\000i\000s\000c\000u\000s\000s\000i\000o\000n}{}% 17
\BOOKMARK [2][-]{subsection.6.1}{\376\377\000S\000u\000m\000m\000a\000r\000y}{section.6}% 18
\BOOKMARK [2][-]{subsection.6.2}{\376\377\000R\000o\000l\000e\000\040\000o\000f\000\040\000t\000h\000e\000\040\000p\000h\000y\000s\000i\000c\000a\000l\000\040\000f\000o\000r\000c\000i\000n\000g}{section.6}% 19
\BOOKMARK [2][-]{subsection.6.3}{\376\377\000T\000h\000e\000\040\000m\000i\000c\000r\000o\000b\000i\000a\000l\000\040\000l\000o\000o\000p}{section.6}% 20
\BOOKMARK [2][-]{subsection.6.4}{\376\377\000C\000a\000v\000e\000a\000t\000s\000\040\000a\000n\000d\000\040\000s\000t\000r\000e\000n\000g\000t\000h\000s}{section.6}% 21
\BOOKMARK [1][-]{section.7}{\376\377\000D\000e\000c\000l\000a\000r\000a\000t\000i\000o\000n\000\040\000o\000f\000\040\000c\000o\000m\000p\000e\000t\000i\000n\000g\000\040\000i\000n\000t\000e\000r\000e\000s\000t}{}% 22
\BOOKMARK [1][-]{section.8}{\376\377\000A\000c\000k\000n\000o\000w\000l\000e\000d\000g\000m\000e\000n\000t\000s}{}% 23
